0 info it worked if it ends with ok
1 verbose cli [ 'C:\\NodeJs\\\\node.exe',
1 verbose cli   'C:\\NodeJs\\node_modules\\npm\\bin\\npm-cli.js',
1 verbose cli   'publish',
1 verbose cli   './',
1 verbose cli   '--tag',
1 verbose cli   'beta' ]
2 info using npm@1.4.9
3 info using node@v0.12.2
4 verbose node symlink C:\NodeJs\\node.exe
5 verbose publish [ './' ]
6 verbose cache add [ './', null ]
7 verbose cache add name=undefined spec="./" args=["./",null]
8 verbose parsed url { protocol: null,
8 verbose parsed url   slashes: null,
8 verbose parsed url   auth: null,
8 verbose parsed url   host: null,
8 verbose parsed url   port: null,
8 verbose parsed url   hostname: null,
8 verbose parsed url   hash: null,
8 verbose parsed url   search: null,
8 verbose parsed url   query: null,
8 verbose parsed url   pathname: './',
8 verbose parsed url   path: './',
8 verbose parsed url   href: './' }
9 silly lockFile 0ee6c175- ./
10 verbose lock ./ C:\Users\gustavol\AppData\Roaming\npm-cache\0ee6c175-.lock
11 verbose tar pack [ 'C:\\Users\\gustavol\\AppData\\Local\\Temp\\npm-38160-RK8EC332\\1432938923660-0.52130744070746\\tmp.tgz',
11 verbose tar pack   './' ]
12 verbose tarball C:\Users\gustavol\AppData\Local\Temp\npm-38160-RK8EC332\1432938923660-0.52130744070746\tmp.tgz
13 verbose folder ./
14 info prepublish ImageServer8@0.0.1
15 silly lockFile 04cb2bca-tar tar://./
16 verbose lock tar://./ C:\Users\gustavol\AppData\Roaming\npm-cache\04cb2bca-tar.lock
17 silly lockFile 00f04de4-8923660-0-52130744070746-tmp-tgz tar://C:\Users\gustavol\AppData\Local\Temp\npm-38160-RK8EC332\1432938923660-0.52130744070746\tmp.tgz
18 verbose lock tar://C:\Users\gustavol\AppData\Local\Temp\npm-38160-RK8EC332\1432938923660-0.52130744070746\tmp.tgz C:\Users\gustavol\AppData\Roaming\npm-cache\00f04de4-8923660-0-52130744070746-tmp-tgz.lock
19 silly lockFile 04cb2bca-tar tar://./
20 silly lockFile 04cb2bca-tar tar://./
21 silly lockFile 00f04de4-8923660-0-52130744070746-tmp-tgz tar://C:\Users\gustavol\AppData\Local\Temp\npm-38160-RK8EC332\1432938923660-0.52130744070746\tmp.tgz
22 silly lockFile 00f04de4-8923660-0-52130744070746-tmp-tgz tar://C:\Users\gustavol\AppData\Local\Temp\npm-38160-RK8EC332\1432938923660-0.52130744070746\tmp.tgz
23 verbose tar unpack C:\Users\gustavol\AppData\Local\Temp\npm-38160-RK8EC332\1432938923660-0.52130744070746\tmp.tgz
24 silly lockFile ae7583bd-cache-ImageServer8-0-0-1-package tar://C:\Users\gustavol\AppData\Roaming\npm-cache\ImageServer8\0.0.1\package
25 verbose lock tar://C:\Users\gustavol\AppData\Roaming\npm-cache\ImageServer8\0.0.1\package C:\Users\gustavol\AppData\Roaming\npm-cache\ae7583bd-cache-ImageServer8-0-0-1-package.lock
26 silly lockFile 00f04de4-8923660-0-52130744070746-tmp-tgz tar://C:\Users\gustavol\AppData\Local\Temp\npm-38160-RK8EC332\1432938923660-0.52130744070746\tmp.tgz
27 verbose lock tar://C:\Users\gustavol\AppData\Local\Temp\npm-38160-RK8EC332\1432938923660-0.52130744070746\tmp.tgz C:\Users\gustavol\AppData\Roaming\npm-cache\00f04de4-8923660-0-52130744070746-tmp-tgz.lock
28 silly gunzTarPerm modes [ '755', '644' ]
29 silly gunzTarPerm extractEntry package.json
30 silly gunzTarPerm modified mode [ 'package.json', 438, 420 ]
31 silly gunzTarPerm extractEntry extends.js
32 silly gunzTarPerm modified mode [ 'extends.js', 438, 420 ]
33 silly gunzTarPerm extractEntry server.js
34 silly gunzTarPerm modified mode [ 'server.js', 438, 420 ]
35 silly gunzTarPerm extractEntry css/bootstrap-theme.min.css
36 silly gunzTarPerm modified mode [ 'css/bootstrap-theme.min.css', 438, 420 ]
37 silly gunzTarPerm extractEntry css/bootstrap.min.css
38 silly gunzTarPerm modified mode [ 'css/bootstrap.min.css', 438, 420 ]
39 silly gunzTarPerm extractEntry index.htm
40 silly gunzTarPerm modified mode [ 'index.htm', 438, 420 ]
41 silly gunzTarPerm extractEntry routes/fileFinder.js
42 silly gunzTarPerm modified mode [ 'routes/fileFinder.js', 438, 420 ]
43 silly lockFile ae7583bd-cache-ImageServer8-0-0-1-package tar://C:\Users\gustavol\AppData\Roaming\npm-cache\ImageServer8\0.0.1\package
44 silly lockFile ae7583bd-cache-ImageServer8-0-0-1-package tar://C:\Users\gustavol\AppData\Roaming\npm-cache\ImageServer8\0.0.1\package
45 silly lockFile 00f04de4-8923660-0-52130744070746-tmp-tgz tar://C:\Users\gustavol\AppData\Local\Temp\npm-38160-RK8EC332\1432938923660-0.52130744070746\tmp.tgz
46 silly lockFile 00f04de4-8923660-0-52130744070746-tmp-tgz tar://C:\Users\gustavol\AppData\Local\Temp\npm-38160-RK8EC332\1432938923660-0.52130744070746\tmp.tgz
47 silly lockFile 0ee6c175- ./
48 silly lockFile 0ee6c175- ./
49 silly publish { name: 'ImageServer8',
49 silly publish   description: 'Servidor de Imagens',
49 silly publish   version: '0.0.1',
49 silly publish   private: false,
49 silly publish   dependencies: { http: '*' },
49 silly publish   scripts: { start: 'node server.js' },
49 silly publish   main: 'extends.js',
49 silly publish   keywords: [ 'ImageServer' ],
49 silly publish   author: { name: 'Gustavo Bandeira', email: 'gustavoflag@yahoo.com.br' },
49 silly publish   license: 'ISC',
49 silly publish   readme: 'ERROR: No README data found!',
49 silly publish   _id: 'ImageServer8@0.0.1',
49 silly publish   _shasum: 'd161b55cf8fc552e3f24b47082a5c985d0f230e1',
49 silly publish   _from: './' }
50 verbose url raw ImageServer8
51 verbose url resolving [ 'http://registry.npmjs.org/', './ImageServer8' ]
52 verbose url resolved http://registry.npmjs.org/ImageServer8
53 info trying registry request attempt 1 at 19:35:23
54 http PUT http://registry.npmjs.org/ImageServer8
55 http 500 http://registry.npmjs.org/ImageServer8
56 info retry will retry, error on last attempt: Error: unexpected status code: 400 : ImageServer8
57 info trying registry request attempt 2 at 19:35:34
58 http PUT http://registry.npmjs.org/ImageServer8
59 http 500 http://registry.npmjs.org/ImageServer8
60 info retry will retry, error on last attempt: Error: unexpected status code: 400 : ImageServer8
61 info trying registry request attempt 3 at 19:36:36
62 http PUT http://registry.npmjs.org/ImageServer8
63 http 500 http://registry.npmjs.org/ImageServer8
64 verbose headers { via: '1.1 varnish, 1.1 PRO_TEC_SRV_751',
64 verbose headers   connection: 'close',
64 verbose headers   'proxy-connection': 'close',
64 verbose headers   'content-length': '39',
64 verbose headers   date: 'Fri, 29 May 2015 22:36:39 GMT',
64 verbose headers   'content-type': 'application/json',
64 verbose headers   'accept-ranges': 'bytes',
64 verbose headers   'cache-control': 'max-age=0',
64 verbose headers   'x-served-by': 'cache-jfk1034-JFK',
64 verbose headers   'x-cache': 'MISS',
64 verbose headers   'x-cache-hits': '0',
64 verbose headers   'x-timer': 'S1432938997.742149,VS0,VE1550' }
65 error publish Failed PUT 500
66 error Error: unexpected status code: 400 : ImageServer8
66 error     at RegClient.<anonymous> (C:\NodeJs\node_modules\npm\node_modules\npm-registry-client\lib\request.js:273:14)
66 error     at Request._callback (C:\NodeJs\node_modules\npm\node_modules\npm-registry-client\lib\request.js:211:65)
66 error     at Request.self.callback (C:\NodeJs\node_modules\npm\node_modules\request\request.js:123:22)
66 error     at Request.emit (events.js:110:17)
66 error     at Request.<anonymous> (C:\NodeJs\node_modules\npm\node_modules\request\request.js:893:14)
66 error     at Request.emit (events.js:129:20)
66 error     at IncomingMessage.<anonymous> (C:\NodeJs\node_modules\npm\node_modules\request\request.js:844:12)
66 error     at IncomingMessage.emit (events.js:129:20)
66 error     at _stream_readable.js:908:16
66 error     at process._tickCallback (node.js:355:11)
67 error If you need help, you may report this *entire* log,
67 error including the npm and node versions, at:
67 error     <http://github.com/npm/npm/issues>
68 error System Windows_NT 6.1.7601
69 error command "C:\\NodeJs\\\\node.exe" "C:\\NodeJs\\node_modules\\npm\\bin\\npm-cli.js" "publish" "./" "--tag" "beta"
70 error cwd C:\Users\gustavol\Documents\Node\ImageServer
71 error node -v v0.12.2
72 error npm -v 1.4.9
73 verbose exit [ 1, true ]
